
## ---------------------- ##
## Running config.status. ##
## ---------------------- ##

This file was extended by wmnd config.status 0.4.4, which was
generated by GNU Autoconf 2.54.  Invocation command line was

  CONFIG_FILES    = examples/Makefile
  CONFIG_HEADERS  = 
  CONFIG_LINKS    = 
  CONFIG_COMMANDS = 
  $ ./config.status 

on hydra

config.status:636: creating examples/Makefile
config.status:981: executing default-1 commands

## ---------------------- ##
## Running config.status. ##
## ---------------------- ##

This file was extended by wmnd config.status 0.4.4, which was
generated by GNU Autoconf 2.54.  Invocation command line was

  CONFIG_FILES    = doc/Makefile
  CONFIG_HEADERS  = 
  CONFIG_LINKS    = 
  CONFIG_COMMANDS = 
  $ ./config.status 

on hydra

config.status:636: creating doc/Makefile
config.status:981: executing default-1 commands

## ---------------------- ##
## Running config.status. ##
## ---------------------- ##

This file was extended by wmnd config.status 0.4.4, which was
generated by GNU Autoconf 2.54.  Invocation command line was

  CONFIG_FILES    = src/Makefile
  CONFIG_HEADERS  = 
  CONFIG_LINKS    = 
  CONFIG_COMMANDS = 
  $ ./config.status 

on hydra

config.status:636: creating src/Makefile
config.status:981: executing default-1 commands
